[2025-01-27T16:49:30.871+0000][gc,heap] Heap region size: 1M
[2025-01-27T16:49:30.880+0000][gc     ] Using G1
[2025-01-27T16:49:30.880+0000][gc,heap,coops] Heap address: 0x00000000c0000000, size: 1024 MB, Compressed Oops mode: 32-bit
[2025-01-27T16:49:30.880+0000][gc,cds       ] Mark closed archive regions in map: [0x00000000fff00000, 0x00000000fff6bff8]
[2025-01-27T16:49:30.880+0000][gc,cds       ] Mark open archive regions in map: [0x00000000ffe00000, 0x00000000ffe47ff8]
[2025-01-27T16:49:32.036+0000][gc,start     ] GC(0) Pause Young (Normal) (G1 Evacuation Pause)
[2025-01-27T16:49:32.037+0000][gc,task      ] GC(0) Using 2 workers of 2 for evacuation
[2025-01-27T16:49:32.055+0000][gc,phases    ] GC(0)   Pre Evacuate Collection Set: 0.0ms
[2025-01-27T16:49:32.055+0000][gc,phases    ] GC(0)   Evacuate Collection Set: 17.5ms
[2025-01-27T16:49:32.055+0000][gc,phases    ] GC(0)   Post Evacuate Collection Set: 0.5ms
[2025-01-27T16:49:32.055+0000][gc,phases    ] GC(0)   Other: 0.4ms
[2025-01-27T16:49:32.055+0000][gc,heap      ] GC(0) Eden regions: 51->0(44)
[2025-01-27T16:49:32.055+0000][gc,heap      ] GC(0) Survivor regions: 0->7(7)
[2025-01-27T16:49:32.055+0000][gc,heap      ] GC(0) Old regions: 2->2
[2025-01-27T16:49:32.055+0000][gc,heap      ] GC(0) Humongous regions: 0->0
[2025-01-27T16:49:32.055+0000][gc,metaspace ] GC(0) Metaspace: 16359K(17024K)->16359K(17024K) NonClass: 14175K(14592K)->14175K(14592K) Class: 2184K(2432K)->2184K(2432K)
[2025-01-27T16:49:32.055+0000][gc           ] GC(0) Pause Young (Normal) (G1 Evacuation Pause) 51M->6M(1024M) 18.598ms
[2025-01-27T16:49:32.055+0000][gc,cpu       ] GC(0) User=0.01s Sys=0.01s Real=0.02s
[2025-01-27T16:49:32.319+0000][gc,start     ] GC(1) Pause Young (Concurrent Start) (Metadata GC Threshold)
[2025-01-27T16:49:32.319+0000][gc,task      ] GC(1) Using 2 workers of 2 for evacuation
[2025-01-27T16:49:32.331+0000][gc,phases    ] GC(1)   Pre Evacuate Collection Set: 0.1ms
[2025-01-27T16:49:32.331+0000][gc,phases    ] GC(1)   Evacuate Collection Set: 11.9ms
[2025-01-27T16:49:32.331+0000][gc,phases    ] GC(1)   Post Evacuate Collection Set: 0.3ms
[2025-01-27T16:49:32.331+0000][gc,phases    ] GC(1)   Other: 0.2ms
[2025-01-27T16:49:32.331+0000][gc,heap      ] GC(1) Eden regions: 18->0(50)
[2025-01-27T16:49:32.331+0000][gc,heap      ] GC(1) Survivor regions: 7->1(7)
[2025-01-27T16:49:32.331+0000][gc,heap      ] GC(1) Old regions: 2->9
[2025-01-27T16:49:32.331+0000][gc,heap      ] GC(1) Humongous regions: 0->0
[2025-01-27T16:49:32.331+0000][gc,metaspace ] GC(1) Metaspace: 20555K(21248K)->20555K(21248K) NonClass: 17789K(18176K)->17789K(18176K) Class: 2766K(3072K)->2766K(3072K)
[2025-01-27T16:49:32.331+0000][gc           ] GC(1) Pause Young (Concurrent Start) (Metadata GC Threshold) 24M->7M(1024M) 12.510ms
[2025-01-27T16:49:32.331+0000][gc,cpu       ] GC(1) User=0.01s Sys=0.00s Real=0.01s
[2025-01-27T16:49:32.331+0000][gc           ] GC(2) Concurrent Cycle
[2025-01-27T16:49:32.331+0000][gc,marking   ] GC(2) Concurrent Clear Claimed Marks
[2025-01-27T16:49:32.331+0000][gc,marking   ] GC(2) Concurrent Clear Claimed Marks 0.036ms
[2025-01-27T16:49:32.331+0000][gc,marking   ] GC(2) Concurrent Scan Root Regions
[2025-01-27T16:49:32.332+0000][gc,marking   ] GC(2) Concurrent Scan Root Regions 0.779ms
[2025-01-27T16:49:32.332+0000][gc,marking   ] GC(2) Concurrent Mark (1.464s)
[2025-01-27T16:49:32.332+0000][gc,marking   ] GC(2) Concurrent Mark From Roots
[2025-01-27T16:49:32.332+0000][gc,task      ] GC(2) Using 1 workers of 1 for marking
[2025-01-27T16:49:32.342+0000][gc,marking   ] GC(2) Concurrent Mark From Roots 9.848ms
[2025-01-27T16:49:32.342+0000][gc,marking   ] GC(2) Concurrent Preclean
[2025-01-27T16:49:32.342+0000][gc,marking   ] GC(2) Concurrent Preclean 0.048ms
[2025-01-27T16:49:32.342+0000][gc,marking   ] GC(2) Concurrent Mark (1.464s, 1.474s) 9.940ms
[2025-01-27T16:49:32.342+0000][gc,start     ] GC(2) Pause Remark
[2025-01-27T16:49:32.345+0000][gc,stringtable] GC(2) Cleaned string and symbol table, strings: 5428 processed, 0 removed, symbols: 51467 processed, 46 removed
[2025-01-27T16:49:32.346+0000][gc            ] GC(2) Pause Remark 8M->8M(1024M) 3.253ms
[2025-01-27T16:49:32.346+0000][gc,cpu        ] GC(2) User=0.00s Sys=0.00s Real=0.01s
[2025-01-27T16:49:32.346+0000][gc,marking    ] GC(2) Concurrent Rebuild Remembered Sets
[2025-01-27T16:49:32.350+0000][gc,marking    ] GC(2) Concurrent Rebuild Remembered Sets 4.618ms
[2025-01-27T16:49:32.350+0000][gc,start      ] GC(2) Pause Cleanup
[2025-01-27T16:49:32.351+0000][gc            ] GC(2) Pause Cleanup 8M->8M(1024M) 0.252ms
[2025-01-27T16:49:32.351+0000][gc,cpu        ] GC(2) User=0.00s Sys=0.00s Real=0.00s
[2025-01-27T16:49:32.351+0000][gc,marking    ] GC(2) Concurrent Cleanup for Next Mark
[2025-01-27T16:49:32.355+0000][gc,marking    ] GC(2) Concurrent Cleanup for Next Mark 3.923ms
[2025-01-27T16:49:32.355+0000][gc            ] GC(2) Concurrent Cycle 23.338ms
[2025-01-27T16:49:33.305+0000][gc,start      ] GC(3) Pause Young (Normal) (G1 Evacuation Pause)
[2025-01-27T16:49:33.305+0000][gc,task       ] GC(3) Using 2 workers of 2 for evacuation
[2025-01-27T16:49:33.313+0000][gc,phases     ] GC(3)   Pre Evacuate Collection Set: 0.0ms
[2025-01-27T16:49:33.313+0000][gc,phases     ] GC(3)   Evacuate Collection Set: 7.8ms
[2025-01-27T16:49:33.314+0000][gc,phases     ] GC(3)   Post Evacuate Collection Set: 0.3ms
[2025-01-27T16:49:33.314+0000][gc,phases     ] GC(3)   Other: 0.2ms
[2025-01-27T16:49:33.314+0000][gc,heap       ] GC(3) Eden regions: 50->0(46)
[2025-01-27T16:49:33.314+0000][gc,heap       ] GC(3) Survivor regions: 1->5(7)
[2025-01-27T16:49:33.314+0000][gc,heap       ] GC(3) Old regions: 9->9
[2025-01-27T16:49:33.314+0000][gc,heap       ] GC(3) Humongous regions: 129->129
[2025-01-27T16:49:33.314+0000][gc,metaspace  ] GC(3) Metaspace: 28829K(29952K)->28829K(29952K) NonClass: 25203K(25856K)->25203K(25856K) Class: 3626K(4096K)->3626K(4096K)
[2025-01-27T16:49:33.314+0000][gc            ] GC(3) Pause Young (Normal) (G1 Evacuation Pause) 186M->140M(1024M) 8.370ms
[2025-01-27T16:49:33.314+0000][gc,cpu        ] GC(3) User=0.02s Sys=0.00s Real=0.01s
[2025-01-27T16:49:33.711+0000][gc,start      ] GC(4) Pause Young (Concurrent Start) (Metadata GC Threshold)
[2025-01-27T16:49:33.711+0000][gc,task       ] GC(4) Using 2 workers of 2 for evacuation
[2025-01-27T16:49:33.721+0000][gc,phases     ] GC(4)   Pre Evacuate Collection Set: 0.1ms
[2025-01-27T16:49:33.721+0000][gc,phases     ] GC(4)   Evacuate Collection Set: 9.0ms
[2025-01-27T16:49:33.721+0000][gc,phases     ] GC(4)   Post Evacuate Collection Set: 0.3ms
[2025-01-27T16:49:33.721+0000][gc,phases     ] GC(4)   Other: 0.2ms
[2025-01-27T16:49:33.721+0000][gc,heap       ] GC(4) Eden regions: 26->0(45)
[2025-01-27T16:49:33.721+0000][gc,heap       ] GC(4) Survivor regions: 5->6(7)
[2025-01-27T16:49:33.721+0000][gc,heap       ] GC(4) Old regions: 9->9
[2025-01-27T16:49:33.721+0000][gc,heap       ] GC(4) Humongous regions: 129->129
[2025-01-27T16:49:33.721+0000][gc,metaspace  ] GC(4) Metaspace: 34471K(35840K)->34471K(35840K) NonClass: 30205K(30976K)->30205K(30976K) Class: 4265K(4864K)->4265K(4864K)
[2025-01-27T16:49:33.721+0000][gc            ] GC(4) Pause Young (Concurrent Start) (Metadata GC Threshold) 165M->142M(1024M) 9.717ms
[2025-01-27T16:49:33.721+0000][gc,cpu        ] GC(4) User=0.02s Sys=0.00s Real=0.01s
[2025-01-27T16:49:33.721+0000][gc            ] GC(5) Concurrent Cycle
[2025-01-27T16:49:33.721+0000][gc,marking    ] GC(5) Concurrent Clear Claimed Marks
[2025-01-27T16:49:33.721+0000][gc,marking    ] GC(5) Concurrent Clear Claimed Marks 0.057ms
[2025-01-27T16:49:33.721+0000][gc,marking    ] GC(5) Concurrent Scan Root Regions
[2025-01-27T16:49:33.726+0000][gc,marking    ] GC(5) Concurrent Scan Root Regions 5.052ms
[2025-01-27T16:49:33.726+0000][gc,marking    ] GC(5) Concurrent Mark (2.858s)
[2025-01-27T16:49:33.726+0000][gc,marking    ] GC(5) Concurrent Mark From Roots
[2025-01-27T16:49:33.726+0000][gc,task       ] GC(5) Using 1 workers of 1 for marking
[2025-01-27T16:49:33.780+0000][gc,marking    ] GC(5) Concurrent Mark From Roots 53.592ms
[2025-01-27T16:49:33.780+0000][gc,marking    ] GC(5) Concurrent Preclean
[2025-01-27T16:49:33.780+0000][gc,marking    ] GC(5) Concurrent Preclean 0.065ms
[2025-01-27T16:49:33.780+0000][gc,marking    ] GC(5) Concurrent Mark (2.858s, 2.912s) 53.713ms
[2025-01-27T16:49:33.780+0000][gc,start      ] GC(5) Pause Remark
[2025-01-27T16:49:33.784+0000][gc,stringtable] GC(5) Cleaned string and symbol table, strings: 10247 processed, 10 removed, symbols: 80761 processed, 25 removed
[2025-01-27T16:49:33.784+0000][gc            ] GC(5) Pause Remark 144M->144M(1024M) 3.830ms
[2025-01-27T16:49:33.784+0000][gc,cpu        ] GC(5) User=0.01s Sys=0.00s Real=0.00s
[2025-01-27T16:49:33.784+0000][gc,marking    ] GC(5) Concurrent Rebuild Remembered Sets
[2025-01-27T16:49:33.804+0000][gc,marking    ] GC(5) Concurrent Rebuild Remembered Sets 20.107ms
[2025-01-27T16:49:33.807+0000][gc,start      ] GC(5) Pause Cleanup
[2025-01-27T16:49:33.807+0000][gc            ] GC(5) Pause Cleanup 145M->145M(1024M) 0.223ms
[2025-01-27T16:49:33.807+0000][gc,cpu        ] GC(5) User=0.00s Sys=0.00s Real=0.00s
[2025-01-27T16:49:33.807+0000][gc,marking    ] GC(5) Concurrent Cleanup for Next Mark
[2025-01-27T16:49:33.825+0000][gc,marking    ] GC(5) Concurrent Cleanup for Next Mark 18.028ms
[2025-01-27T16:49:33.825+0000][gc            ] GC(5) Concurrent Cycle 104.059ms
[2025-01-27T16:50:12.326+0000][gc,start      ] GC(6) Pause Young (Concurrent Start) (G1 Evacuation Pause)
[2025-01-27T16:50:12.326+0000][gc,task       ] GC(6) Using 2 workers of 2 for evacuation
[2025-01-27T16:50:12.339+0000][gc,phases     ] GC(6)   Pre Evacuate Collection Set: 0.2ms
[2025-01-27T16:50:12.339+0000][gc,phases     ] GC(6)   Evacuate Collection Set: 11.9ms
[2025-01-27T16:50:12.339+0000][gc,phases     ] GC(6)   Post Evacuate Collection Set: 0.4ms
[2025-01-27T16:50:12.339+0000][gc,phases     ] GC(6)   Other: 0.2ms
[2025-01-27T16:50:12.339+0000][gc,heap       ] GC(6) Eden regions: 45->0(47)
[2025-01-27T16:50:12.339+0000][gc,heap       ] GC(6) Survivor regions: 6->4(7)
[2025-01-27T16:50:12.339+0000][gc,heap       ] GC(6) Old regions: 9->13
[2025-01-27T16:50:12.339+0000][gc,heap       ] GC(6) Humongous regions: 183->129
[2025-01-27T16:50:12.339+0000][gc,metaspace  ] GC(6) Metaspace: 38990K(41036K)->38990K(41036K) NonClass: 33983K(35020K)->33983K(35020K) Class: 5007K(6016K)->5007K(6016K)
[2025-01-27T16:50:12.339+0000][gc            ] GC(6) Pause Young (Concurrent Start) (G1 Evacuation Pause) 241M->143M(1024M) 12.830ms
[2025-01-27T16:50:12.339+0000][gc,cpu        ] GC(6) User=0.02s Sys=0.00s Real=0.01s
[2025-01-27T16:50:12.339+0000][gc            ] GC(7) Concurrent Cycle
[2025-01-27T16:50:12.339+0000][gc,marking    ] GC(7) Concurrent Clear Claimed Marks
[2025-01-27T16:50:12.339+0000][gc,marking    ] GC(7) Concurrent Clear Claimed Marks 0.130ms
[2025-01-27T16:50:12.339+0000][gc,marking    ] GC(7) Concurrent Scan Root Regions
[2025-01-27T16:50:12.342+0000][gc,marking    ] GC(7) Concurrent Scan Root Regions 2.904ms
[2025-01-27T16:50:12.342+0000][gc,marking    ] GC(7) Concurrent Mark (41.474s)
[2025-01-27T16:50:12.342+0000][gc,marking    ] GC(7) Concurrent Mark From Roots
[2025-01-27T16:50:12.342+0000][gc,task       ] GC(7) Using 1 workers of 1 for marking
[2025-01-27T16:50:12.353+0000][gc,marking    ] GC(7) Concurrent Mark From Roots 10.304ms
[2025-01-27T16:50:12.353+0000][gc,marking    ] GC(7) Concurrent Preclean
[2025-01-27T16:50:12.353+0000][gc,marking    ] GC(7) Concurrent Preclean 0.053ms
[2025-01-27T16:50:12.353+0000][gc,marking    ] GC(7) Concurrent Mark (41.474s, 41.485s) 10.396ms
[2025-01-27T16:50:12.353+0000][gc,start      ] GC(7) Pause Remark
[2025-01-27T16:50:12.359+0000][gc,stringtable] GC(7) Cleaned string and symbol table, strings: 11208 processed, 3 removed, symbols: 83840 processed, 2 removed
[2025-01-27T16:50:12.359+0000][gc            ] GC(7) Pause Remark 144M->144M(1024M) 5.859ms
[2025-01-27T16:50:12.359+0000][gc,cpu        ] GC(7) User=0.01s Sys=0.00s Real=0.00s
[2025-01-27T16:50:12.359+0000][gc,marking    ] GC(7) Concurrent Rebuild Remembered Sets
[2025-01-27T16:50:12.365+0000][gc,marking    ] GC(7) Concurrent Rebuild Remembered Sets 6.143ms
[2025-01-27T16:50:12.365+0000][gc,start      ] GC(7) Pause Cleanup
[2025-01-27T16:50:12.365+0000][gc            ] GC(7) Pause Cleanup 144M->144M(1024M) 0.151ms
[2025-01-27T16:50:12.365+0000][gc,cpu        ] GC(7) User=0.00s Sys=0.00s Real=0.00s
[2025-01-27T16:50:12.365+0000][gc,marking    ] GC(7) Concurrent Cleanup for Next Mark
[2025-01-27T16:50:12.367+0000][gc,marking    ] GC(7) Concurrent Cleanup for Next Mark 1.302ms
[2025-01-27T16:50:12.367+0000][gc            ] GC(7) Concurrent Cycle 27.315ms
